Analysis & Synthesis report for 2012510017_Lab2_2
Fri Mar 02 11:50:12 2018
Quartus II 32-bit Version 13.0.1 Build 232 06/12/2013 Service Pack 1 SJ Web Edition


---------------------
; Table of Contents ;
---------------------
  1. Legal Notice
  2. Analysis & Synthesis Summary
  3. Analysis & Synthesis Settings
  4. Parallel Compilation
  5. Analysis & Synthesis Source Files Read
  6. Analysis & Synthesis Resource Usage Summary
  7. Analysis & Synthesis Resource Utilization by Entity
  8. Analysis & Synthesis RAM Summary
  9. Analysis & Synthesis IP Cores Summary
 10. General Register Statistics
 11. Source assignments for ROM:inst|altsyncram:altsyncram_component|altsyncram_k7a1:auto_generated
 12. Parameter Settings for User Entity Instance: ROM:inst
 13. Parameter Settings for User Entity Instance: ROM:inst|altsyncram:altsyncram_component
 14. altsyncram Parameter Settings by Entity Instance
 15. Elapsed Time Per Partition
 16. Analysis & Synthesis Messages



----------------
; Legal Notice ;
----------------
Copyright (C) 1991-2013 Altera Corporation
Your use of Altera Corporation's design tools, logic functions 
and other software and tools, and its AMPP partner logic 
functions, and any output files from any of the foregoing 
(including device programming or simulation files), and any 
associated documentation or information are expressly subject 
to the terms and conditions of the Altera Program License 
Subscription Agreement, Altera MegaCore Function License 
Agreement, or other applicable license agreement, including, 
without limitation, that your use is for the sole purpose of 
programming logic devices manufactured by Altera and sold by 
Altera or its authorized distributors.  Please refer to the 
applicable agreement for further details.



+--------------------------------------------------------------------------------------+
; Analysis & Synthesis Summary                                                         ;
+------------------------------------+-------------------------------------------------+
; Analysis & Synthesis Status        ; Successful - Fri Mar 02 11:50:12 2018           ;
; Quartus II 32-bit Version          ; 13.0.1 Build 232 06/12/2013 SP 1 SJ Web Edition ;
; Revision Name                      ; 2012510017_Lab2_2                               ;
; Top-level Entity Name              ; 2012510017_Lab2_2                               ;
; Family                             ; Cyclone III                                     ;
; Total logic elements               ; 0                                               ;
;     Total combinational functions  ; 0                                               ;
;     Dedicated logic registers      ; 0                                               ;
; Total registers                    ; 0                                               ;
; Total pins                         ; 15                                              ;
; Total virtual pins                 ; 0                                               ;
; Total memory bits                  ; 144                                             ;
; Embedded Multiplier 9-bit elements ; 0                                               ;
; Total PLLs                         ; 0                                               ;
+------------------------------------+-------------------------------------------------+


+----------------------------------------------------------------------------------------------------------------------+
; Analysis & Synthesis Settings                                                                                        ;
+----------------------------------------------------------------------------+--------------------+--------------------+
; Option                                                                     ; Setting            ; Default Value      ;
+----------------------------------------------------------------------------+--------------------+--------------------+
; Device                                                                     ; EP3C16F484C6       ;                    ;
; Top-level entity name                                                      ; 2012510017_Lab2_2  ; 2012510017_Lab2_2  ;
; Family name                                                                ; Cyclone III        ; Cyclone IV GX      ;
; Use smart compilation                                                      ; Off                ; Off                ;
; Enable parallel Assembler and TimeQuest Timing Analyzer during compilation ; On                 ; On                 ;
; Enable compact report table                                                ; Off                ; Off                ;
; Restructure Multiplexers                                                   ; Auto               ; Auto               ;
; Create Debugging Nodes for IP Cores                                        ; Off                ; Off                ;
; Preserve fewer node names                                                  ; On                 ; On                 ;
; Disable OpenCore Plus hardware evaluation                                  ; Off                ; Off                ;
; Verilog Version                                                            ; Verilog_2001       ; Verilog_2001       ;
; VHDL Version                                                               ; VHDL_1993          ; VHDL_1993          ;
; State Machine Processing                                                   ; Auto               ; Auto               ;
; Safe State Machine                                                         ; Off                ; Off                ;
; Extract Verilog State Machines                                             ; On                 ; On                 ;
; Extract VHDL State Machines                                                ; On                 ; On                 ;
; Ignore Verilog initial constructs                                          ; Off                ; Off                ;
; Iteration limit for constant Verilog loops                                 ; 5000               ; 5000               ;
; Iteration limit for non-constant Verilog loops                             ; 250                ; 250                ;
; Add Pass-Through Logic to Inferred RAMs                                    ; On                 ; On                 ;
; Infer RAMs from Raw Logic                                                  ; On                 ; On                 ;
; Parallel Synthesis                                                         ; On                 ; On                 ;
; DSP Block Balancing                                                        ; Auto               ; Auto               ;
; NOT Gate Push-Back                                                         ; On                 ; On                 ;
; Power-Up Don't Care                                                        ; On                 ; On                 ;
; Remove Redundant Logic Cells                                               ; Off                ; Off                ;
; Remove Duplicate Registers                                                 ; On                 ; On                 ;
; Ignore CARRY Buffers                                                       ; Off                ; Off                ;
; Ignore CASCADE Buffers                                                     ; Off                ; Off                ;
; Ignore GLOBAL Buffers                                                      ; Off                ; Off                ;
; Ignore ROW GLOBAL Buffers                                                  ; Off                ; Off                ;
; Ignore LCELL Buffers                                                       ; Off                ; Off                ;
; Ignore SOFT Buffers                                                        ; On                 ; On                 ;
; Limit AHDL Integers to 32 Bits                                             ; Off                ; Off                ;
; Optimization Technique                                                     ; Balanced           ; Balanced           ;
; Carry Chain Length                                                         ; 70                 ; 70                 ;
; Auto Carry Chains                                                          ; On                 ; On                 ;
; Auto Open-Drain Pins                                                       ; On                 ; On                 ;
; Perform WYSIWYG Primitive Resynthesis                                      ; Off                ; Off                ;
; Auto ROM Replacement                                                       ; On                 ; On                 ;
; Auto RAM Replacement                                                       ; On                 ; On                 ;
; Auto DSP Block Replacement                                                 ; On                 ; On                 ;
; Auto Shift Register Replacement                                            ; Auto               ; Auto               ;
; Allow Shift Register Merging across Hierarchies                            ; Auto               ; Auto               ;
; Auto Clock Enable Replacement                                              ; On                 ; On                 ;
; Strict RAM Replacement                                                     ; Off                ; Off                ;
; Allow Synchronous Control Signals                                          ; On                 ; On                 ;
; Force Use of Synchronous Clear Signals                                     ; Off                ; Off                ;
; Auto RAM Block Balancing                                                   ; On                 ; On                 ;
; Auto RAM to Logic Cell Conversion                                          ; Off                ; Off                ;
; Auto Resource Sharing                                                      ; Off                ; Off                ;
; Allow Any RAM Size For Recognition                                         ; Off                ; Off                ;
; Allow Any ROM Size For Recognition                                         ; Off                ; Off                ;
; Allow Any Shift Register Size For Recognition                              ; Off                ; Off                ;
; Use LogicLock Constraints during Resource Balancing                        ; On                 ; On                 ;
; Ignore translate_off and synthesis_off directives                          ; Off                ; Off                ;
; Timing-Driven Synthesis                                                    ; On                 ; On                 ;
; Report Parameter Settings                                                  ; On                 ; On                 ;
; Report Source Assignments                                                  ; On                 ; On                 ;
; Report Connectivity Checks                                                 ; On                 ; On                 ;
; Ignore Maximum Fan-Out Assignments                                         ; Off                ; Off                ;
; Synchronization Register Chain Length                                      ; 2                  ; 2                  ;
; PowerPlay Power Optimization                                               ; Normal compilation ; Normal compilation ;
; HDL message level                                                          ; Level2             ; Level2             ;
; Suppress Register Optimization Related Messages                            ; Off                ; Off                ;
; Number of Removed Registers Reported in Synthesis Report                   ; 5000               ; 5000               ;
; Number of Swept Nodes Reported in Synthesis Report                         ; 5000               ; 5000               ;
; Number of Inverted Registers Reported in Synthesis Report                  ; 100                ; 100                ;
; Clock MUX Protection                                                       ; On                 ; On                 ;
; Auto Gated Clock Conversion                                                ; Off                ; Off                ;
; Block Design Naming                                                        ; Auto               ; Auto               ;
; SDC constraint protection                                                  ; Off                ; Off                ;
; Synthesis Effort                                                           ; Auto               ; Auto               ;
; Shift Register Replacement - Allow Asynchronous Clear Signal               ; On                 ; On                 ;
; Pre-Mapping Resynthesis Optimization                                       ; Off                ; Off                ;
; Analysis & Synthesis Message Level                                         ; Medium             ; Medium             ;
; Disable Register Merging Across Hierarchies                                ; Auto               ; Auto               ;
; Resource Aware Inference For Block RAM                                     ; On                 ; On                 ;
; Synthesis Seed                                                             ; 1                  ; 1                  ;
+----------------------------------------------------------------------------+--------------------+--------------------+


Parallel compilation was disabled, but you have multiple processors available. Enable parallel compilation to reduce compilation time.
+-------------------------------------+
; Parallel Compilation                ;
+----------------------------+--------+
; Processors                 ; Number ;
+----------------------------+--------+
; Number detected on machine ; 4      ;
; Maximum allowed            ; 1      ;
+----------------------------+--------+


+--------------------------------------------------------------------------------------------------------------------------------------------------------------------------------+
; Analysis & Synthesis Source Files Read                                                                                                                                         ;
+----------------------------------+-----------------+---------------------------------------+-------------------------------------------------------------------------+---------+
; File Name with User-Entered Path ; Used in Netlist ; File Type                             ; File Name with Absolute Path                                            ; Library ;
+----------------------------------+-----------------+---------------------------------------+-------------------------------------------------------------------------+---------+
; 2012510017_Lab2_2.hex            ; yes             ; User Hexadecimal (Intel-Format) File  ; C:/Saha/2012510017_Lab2_2/2012510017_Lab2_2.hex                         ;         ;
; 2012510017_Lab2_2.bdf            ; yes             ; User Block Diagram/Schematic File     ; C:/Saha/2012510017_Lab2_2/2012510017_Lab2_2.bdf                         ;         ;
; rom.tdf                          ; yes             ; Auto-Found Wizard-Generated File      ; C:/Saha/2012510017_Lab2_2/rom.tdf                                       ;         ;
; altsyncram.inc                   ; yes             ; Auto-Found AHDL File                  ; c:/altera/13.0sp1/quartus/libraries/megafunctions/altsyncram.inc        ;         ;
; altsyncram.tdf                   ; yes             ; Megafunction                          ; c:/altera/13.0sp1/quartus/libraries/megafunctions/altsyncram.tdf        ;         ;
; stratix_ram_block.inc            ; yes             ; Megafunction                          ; c:/altera/13.0sp1/quartus/libraries/megafunctions/stratix_ram_block.inc ;         ;
; lpm_mux.inc                      ; yes             ; Megafunction                          ; c:/altera/13.0sp1/quartus/libraries/megafunctions/lpm_mux.inc           ;         ;
; lpm_decode.inc                   ; yes             ; Megafunction                          ; c:/altera/13.0sp1/quartus/libraries/megafunctions/lpm_decode.inc        ;         ;
; aglobal130.inc                   ; yes             ; Megafunction                          ; c:/altera/13.0sp1/quartus/libraries/megafunctions/aglobal130.inc        ;         ;
; a_rdenreg.inc                    ; yes             ; Megafunction                          ; c:/altera/13.0sp1/quartus/libraries/megafunctions/a_rdenreg.inc         ;         ;
; altrom.inc                       ; yes             ; Megafunction                          ; c:/altera/13.0sp1/quartus/libraries/megafunctions/altrom.inc            ;         ;
; altram.inc                       ; yes             ; Megafunction                          ; c:/altera/13.0sp1/quartus/libraries/megafunctions/altram.inc            ;         ;
; altdpram.inc                     ; yes             ; Megafunction                          ; c:/altera/13.0sp1/quartus/libraries/megafunctions/altdpram.inc          ;         ;
; db/altsyncram_k7a1.tdf           ; yes             ; Auto-Generated Megafunction           ; C:/Saha/2012510017_Lab2_2/db/altsyncram_k7a1.tdf                        ;         ;
+----------------------------------+-----------------+---------------------------------------+-------------------------------------------------------------------------+---------+


+----------------------------------------------------------+
; Analysis & Synthesis Resource Usage Summary              ;
+---------------------------------------------+------------+
; Resource                                    ; Usage      ;
+---------------------------------------------+------------+
;                                             ;            ;
; Total combinational functions               ; 0          ;
; Logic element usage by number of LUT inputs ;            ;
;     -- 4 input functions                    ; 0          ;
;     -- 3 input functions                    ; 0          ;
;     -- <=2 input functions                  ; 0          ;
;                                             ;            ;
; Logic elements by mode                      ;            ;
;     -- normal mode                          ; 0          ;
;     -- arithmetic mode                      ; 0          ;
;                                             ;            ;
; Total registers                             ; 0          ;
;     -- Dedicated logic registers            ; 0          ;
;     -- I/O registers                        ; 0          ;
;                                             ;            ;
; I/O pins                                    ; 15         ;
; Total memory bits                           ; 144        ;
; Embedded Multiplier 9-bit elements          ; 0          ;
; Maximum fan-out node                        ; rden~input ;
; Maximum fan-out                             ; 9          ;
; Total fan-out                               ; 78         ;
; Average fan-out                             ; 2.00       ;
+---------------------------------------------+------------+


+-------------------------------------------------------------------------------------------------------------------------------------------------------------------------------------------------------------------------------------------------------------------+
; Analysis & Synthesis Resource Utilization by Entity                                                                                                                                                                                                               ;
+-------------------------------------------+-------------------+--------------+-------------+--------------+---------+-----------+------+--------------+--------------------------------------------------------------------------------------------+--------------+
; Compilation Hierarchy Node                ; LC Combinationals ; LC Registers ; Memory Bits ; DSP Elements ; DSP 9x9 ; DSP 18x18 ; Pins ; Virtual Pins ; Full Hierarchy Name                                                                        ; Library Name ;
+-------------------------------------------+-------------------+--------------+-------------+--------------+---------+-----------+------+--------------+--------------------------------------------------------------------------------------------+--------------+
; |2012510017_Lab2_2                        ; 0 (0)             ; 0 (0)        ; 144         ; 0            ; 0       ; 0         ; 15   ; 0            ; |2012510017_Lab2_2                                                                         ; work         ;
;    |ROM:inst|                             ; 0 (0)             ; 0 (0)        ; 144         ; 0            ; 0       ; 0         ; 0    ; 0            ; |2012510017_Lab2_2|ROM:inst                                                                ; work         ;
;       |altsyncram:altsyncram_component|   ; 0 (0)             ; 0 (0)        ; 144         ; 0            ; 0       ; 0         ; 0    ; 0            ; |2012510017_Lab2_2|ROM:inst|altsyncram:altsyncram_component                                ; work         ;
;          |altsyncram_k7a1:auto_generated| ; 0 (0)             ; 0 (0)        ; 144         ; 0            ; 0       ; 0         ; 0    ; 0            ; |2012510017_Lab2_2|ROM:inst|altsyncram:altsyncram_component|altsyncram_k7a1:auto_generated ; work         ;
+-------------------------------------------+-------------------+--------------+-------------+--------------+---------+-----------+------+--------------+--------------------------------------------------------------------------------------------+--------------+
Note: For table entries with two numbers listed, the numbers in parentheses indicate the number of resources of the given type used by the specific entity alone. The numbers listed outside of parentheses indicate the total resources of the given type used by the specific entity and all of its sub-entities in the hierarchy.


+---------------------------------------------------------------------------------------------------------------------------------------------------------------------------------------------+
; Analysis & Synthesis RAM Summary                                                                                                                                                            ;
+------------------------------------------------------------------------------------+------+------+--------------+--------------+--------------+--------------+------+-----------------------+
; Name                                                                               ; Type ; Mode ; Port A Depth ; Port A Width ; Port B Depth ; Port B Width ; Size ; MIF                   ;
+------------------------------------------------------------------------------------+------+------+--------------+--------------+--------------+--------------+------+-----------------------+
; ROM:inst|altsyncram:altsyncram_component|altsyncram_k7a1:auto_generated|ALTSYNCRAM ; AUTO ; ROM  ; 16           ; 9            ; --           ; --           ; 144  ; 2012510017_Lab2_2.hex ;
+------------------------------------------------------------------------------------+------+------+--------------+--------------+--------------+--------------+------+-----------------------+


+---------------------------------------------------------------------------------------------------------------------------------+
; Analysis & Synthesis IP Cores Summary                                                                                           ;
+--------+--------------+---------+--------------+--------------+-----------------------------+-----------------------------------+
; Vendor ; IP Core Name ; Version ; Release Date ; License Type ; Entity Instance             ; IP Include File                   ;
+--------+--------------+---------+--------------+--------------+-----------------------------+-----------------------------------+
; Altera ; ROM: 1-PORT  ; N/A     ; N/A          ; N/A          ; |2012510017_Lab2_2|ROM:inst ; C:/Saha/2012510017_Lab2_2/rom.tdf ;
+--------+--------------+---------+--------------+--------------+-----------------------------+-----------------------------------+


+------------------------------------------------------+
; General Register Statistics                          ;
+----------------------------------------------+-------+
; Statistic                                    ; Value ;
+----------------------------------------------+-------+
; Total registers                              ; 0     ;
; Number of registers using Synchronous Clear  ; 0     ;
; Number of registers using Synchronous Load   ; 0     ;
; Number of registers using Asynchronous Clear ; 0     ;
; Number of registers using Asynchronous Load  ; 0     ;
; Number of registers using Clock Enable       ; 0     ;
; Number of registers using Preset             ; 0     ;
+----------------------------------------------+-------+


+------------------------------------------------------------------------------------------------+
; Source assignments for ROM:inst|altsyncram:altsyncram_component|altsyncram_k7a1:auto_generated ;
+---------------------------------+--------------------+------+----------------------------------+
; Assignment                      ; Value              ; From ; To                               ;
+---------------------------------+--------------------+------+----------------------------------+
; OPTIMIZE_POWER_DURING_SYNTHESIS ; NORMAL_COMPILATION ; -    ; -                                ;
+---------------------------------+--------------------+------+----------------------------------+


+-------------------------------------------------------+
; Parameter Settings for User Entity Instance: ROM:inst ;
+-----------------+-------+-----------------------------+
; Parameter Name  ; Value ; Type                        ;
+-----------------+-------+-----------------------------+
; WIDTH_BYTEENA_A ; 1     ; Untyped                     ;
; WIDTH_BYTEENA_B ; 1     ; Untyped                     ;
; WIDTH_ECCSTATUS ; 3     ; Untyped                     ;
+-----------------+-------+-----------------------------+
Note: In order to hide this table in the UI and the text report file, please set the "Show Parameter Settings in Synthesis Report" option in "Analysis and Synthesis Settings -> More Settings" to "Off".


+---------------------------------------------------------------------------------------+
; Parameter Settings for User Entity Instance: ROM:inst|altsyncram:altsyncram_component ;
+------------------------------------+-----------------------+--------------------------+
; Parameter Name                     ; Value                 ; Type                     ;
+------------------------------------+-----------------------+--------------------------+
; BYTE_SIZE_BLOCK                    ; 8                     ; Untyped                  ;
; AUTO_CARRY_CHAINS                  ; ON                    ; AUTO_CARRY               ;
; IGNORE_CARRY_BUFFERS               ; OFF                   ; IGNORE_CARRY             ;
; AUTO_CASCADE_CHAINS                ; ON                    ; AUTO_CASCADE             ;
; IGNORE_CASCADE_BUFFERS             ; OFF                   ; IGNORE_CASCADE           ;
; WIDTH_BYTEENA                      ; 1                     ; Untyped                  ;
; OPERATION_MODE                     ; ROM                   ; Untyped                  ;
; WIDTH_A                            ; 9                     ; Untyped                  ;
; WIDTHAD_A                          ; 4                     ; Untyped                  ;
; NUMWORDS_A                         ; 16                    ; Untyped                  ;
; OUTDATA_REG_A                      ; CLOCK0                ; Untyped                  ;
; ADDRESS_ACLR_A                     ; NONE                  ; Untyped                  ;
; OUTDATA_ACLR_A                     ; NONE                  ; Untyped                  ;
; WRCONTROL_ACLR_A                   ; NONE                  ; Untyped                  ;
; INDATA_ACLR_A                      ; NONE                  ; Untyped                  ;
; BYTEENA_ACLR_A                     ; NONE                  ; Untyped                  ;
; WIDTH_B                            ; 1                     ; Untyped                  ;
; WIDTHAD_B                          ; 1                     ; Untyped                  ;
; NUMWORDS_B                         ; 1                     ; Untyped                  ;
; INDATA_REG_B                       ; CLOCK1                ; Untyped                  ;
; WRCONTROL_WRADDRESS_REG_B          ; CLOCK1                ; Untyped                  ;
; RDCONTROL_REG_B                    ; CLOCK1                ; Untyped                  ;
; ADDRESS_REG_B                      ; CLOCK1                ; Untyped                  ;
; OUTDATA_REG_B                      ; UNREGISTERED          ; Untyped                  ;
; BYTEENA_REG_B                      ; CLOCK1                ; Untyped                  ;
; INDATA_ACLR_B                      ; NONE                  ; Untyped                  ;
; WRCONTROL_ACLR_B                   ; NONE                  ; Untyped                  ;
; ADDRESS_ACLR_B                     ; NONE                  ; Untyped                  ;
; OUTDATA_ACLR_B                     ; NONE                  ; Untyped                  ;
; RDCONTROL_ACLR_B                   ; NONE                  ; Untyped                  ;
; BYTEENA_ACLR_B                     ; NONE                  ; Untyped                  ;
; WIDTH_BYTEENA_A                    ; 1                     ; Untyped                  ;
; WIDTH_BYTEENA_B                    ; 1                     ; Untyped                  ;
; RAM_BLOCK_TYPE                     ; AUTO                  ; Untyped                  ;
; BYTE_SIZE                          ; 8                     ; Untyped                  ;
; READ_DURING_WRITE_MODE_MIXED_PORTS ; DONT_CARE             ; Untyped                  ;
; READ_DURING_WRITE_MODE_PORT_A      ; NEW_DATA_NO_NBE_READ  ; Untyped                  ;
; READ_DURING_WRITE_MODE_PORT_B      ; NEW_DATA_NO_NBE_READ  ; Untyped                  ;
; INIT_FILE                          ; 2012510017_Lab2_2.hex ; Untyped                  ;
; INIT_FILE_LAYOUT                   ; PORT_A                ; Untyped                  ;
; MAXIMUM_DEPTH                      ; 0                     ; Untyped                  ;
; CLOCK_ENABLE_INPUT_A               ; BYPASS                ; Untyped                  ;
; CLOCK_ENABLE_INPUT_B               ; NORMAL                ; Untyped                  ;
; CLOCK_ENABLE_OUTPUT_A              ; BYPASS                ; Untyped                  ;
; CLOCK_ENABLE_OUTPUT_B              ; NORMAL                ; Untyped                  ;
; CLOCK_ENABLE_CORE_A                ; USE_INPUT_CLKEN       ; Untyped                  ;
; CLOCK_ENABLE_CORE_B                ; USE_INPUT_CLKEN       ; Untyped                  ;
; ENABLE_ECC                         ; FALSE                 ; Untyped                  ;
; ECC_PIPELINE_STAGE_ENABLED         ; FALSE                 ; Untyped                  ;
; WIDTH_ECCSTATUS                    ; 3                     ; Untyped                  ;
; DEVICE_FAMILY                      ; Cyclone III           ; Untyped                  ;
; CBXI_PARAMETER                     ; altsyncram_k7a1       ; Untyped                  ;
+------------------------------------+-----------------------+--------------------------+
Note: In order to hide this table in the UI and the text report file, please set the "Show Parameter Settings in Synthesis Report" option in "Analysis and Synthesis Settings -> More Settings" to "Off".


+--------------------------------------------------------------------------------------+
; altsyncram Parameter Settings by Entity Instance                                     ;
+-------------------------------------------+------------------------------------------+
; Name                                      ; Value                                    ;
+-------------------------------------------+------------------------------------------+
; Number of entity instances                ; 1                                        ;
; Entity Instance                           ; ROM:inst|altsyncram:altsyncram_component ;
;     -- OPERATION_MODE                     ; ROM                                      ;
;     -- WIDTH_A                            ; 9                                        ;
;     -- NUMWORDS_A                         ; 16                                       ;
;     -- OUTDATA_REG_A                      ; CLOCK0                                   ;
;     -- WIDTH_B                            ; 1                                        ;
;     -- NUMWORDS_B                         ; 1                                        ;
;     -- ADDRESS_REG_B                      ; CLOCK1                                   ;
;     -- OUTDATA_REG_B                      ; UNREGISTERED                             ;
;     -- RAM_BLOCK_TYPE                     ; AUTO                                     ;
;     -- READ_DURING_WRITE_MODE_MIXED_PORTS ; DONT_CARE                                ;
+-------------------------------------------+------------------------------------------+


+-------------------------------+
; Elapsed Time Per Partition    ;
+----------------+--------------+
; Partition Name ; Elapsed Time ;
+----------------+--------------+
; Top            ; 00:00:00     ;
+----------------+--------------+


+-------------------------------+
; Analysis & Synthesis Messages ;
+-------------------------------+
Info: *******************************************************************
Info: Running Quartus II 32-bit Analysis & Synthesis
    Info: Version 13.0.1 Build 232 06/12/2013 Service Pack 1 SJ Web Edition
    Info: Processing started: Fri Mar 02 11:50:11 2018
Info: Command: quartus_map --read_settings_files=on --write_settings_files=off 2012510017_Lab2_2 -c 2012510017_Lab2_2
Warning (20028): Parallel compilation is not licensed and has been disabled
Info (12021): Found 1 design units, including 1 entities, in source file 2012510017_lab2_2.bdf
    Info (12023): Found entity 1: 2012510017_Lab2_2
Info (12127): Elaborating entity "2012510017_Lab2_2" for the top level hierarchy
Warning (12125): Using design file rom.tdf, which is not specified as a design file for the current project, but contains definitions for 1 design units and 1 entities in project
    Info (12023): Found entity 1: ROM
Info (12128): Elaborating entity "ROM" for hierarchy "ROM:inst"
Info (12128): Elaborating entity "altsyncram" for hierarchy "ROM:inst|altsyncram:altsyncram_component"
Info (12130): Elaborated megafunction instantiation "ROM:inst|altsyncram:altsyncram_component"
Info (12133): Instantiated megafunction "ROM:inst|altsyncram:altsyncram_component" with the following parameter:
    Info (12134): Parameter "LPM_TYPE" = "altsyncram"
    Info (12134): Parameter "LPM_HINT" = "ENABLE_RUNTIME_MOD=NO"
    Info (12134): Parameter "INTENDED_DEVICE_FAMILY" = "Cyclone III"
    Info (12134): Parameter "OPERATION_MODE" = "ROM"
    Info (12134): Parameter "WIDTH_A" = "9"
    Info (12134): Parameter "WIDTHAD_A" = "4"
    Info (12134): Parameter "NUMWORDS_A" = "16"
    Info (12134): Parameter "ADDRESS_ACLR_A" = "NONE"
    Info (12134): Parameter "OUTDATA_REG_A" = "CLOCK0"
    Info (12134): Parameter "OUTDATA_ACLR_A" = "NONE"
    Info (12134): Parameter "INIT_FILE" = "2012510017_Lab2_2.hex"
    Info (12134): Parameter "WIDTH_BYTEENA_A" = "1"
    Info (12134): Parameter "CLOCK_ENABLE_INPUT_A" = "BYPASS"
    Info (12134): Parameter "CLOCK_ENABLE_OUTPUT_A" = "BYPASS"
Info (12021): Found 1 design units, including 1 entities, in source file db/altsyncram_k7a1.tdf
    Info (12023): Found entity 1: altsyncram_k7a1
Info (12128): Elaborating entity "altsyncram_k7a1" for hierarchy "ROM:inst|altsyncram:altsyncram_component|altsyncram_k7a1:auto_generated"
Info (16010): Generating hard_block partition "hard_block:auto_generated_inst"
    Info (16011): Adding 0 node(s), including 0 DDIO, 0 PLL, 0 transceiver and 0 LCELL
Info (21057): Implemented 24 device resources after synthesis - the final resource count might be different
    Info (21058): Implemented 6 input pins
    Info (21059): Implemented 9 output pins
    Info (21064): Implemented 9 RAM segments
Info: Quartus II 32-bit Analysis & Synthesis was successful. 0 errors, 2 warnings
    Info: Peak virtual memory: 438 megabytes
    Info: Processing ended: Fri Mar 02 11:50:12 2018
    Info: Elapsed time: 00:00:01
    Info: Total CPU time (on all processors): 00:00:01


