Analysis & Synthesis report for bussystem
Mon Mar 28 01:37:50 2016
Quartus II 64-Bit Version 13.0.1 Build 232 06/12/2013 Service Pack 1 SJ Web Edition


---------------------
; Table of Contents ;
---------------------
  1. Legal Notice
  2. Analysis & Synthesis Summary
  3. Analysis & Synthesis Settings
  4. Parallel Compilation
  5. Analysis & Synthesis Source Files Read
  6. Analysis & Synthesis Resource Usage Summary
  7. Analysis & Synthesis Resource Utilization by Entity
  8. Analysis & Synthesis IP Cores Summary
  9. Registers Removed During Synthesis
 10. General Register Statistics
 11. Parameter Settings for User Entity Instance: muxxx:inst1|LPM_MUX:LPM_MUX_component
 12. Parameter Settings for User Entity Instance: muxx:inst|LPM_MUX:LPM_MUX_component
 13. Parameter Settings for User Entity Instance: reg:A|lpm_counter:LPM_COUNTER_component
 14. Parameter Settings for User Entity Instance: reg:B|lpm_counter:LPM_COUNTER_component
 15. Parameter Settings for User Entity Instance: reg:C|lpm_counter:LPM_COUNTER_component
 16. Parameter Settings for User Entity Instance: reg:D|lpm_counter:LPM_COUNTER_component
 17. Parameter Settings for User Entity Instance: dec:inst4|lpm_decode:LPM_DECODE_component
 18. Elapsed Time Per Partition
 19. Analysis & Synthesis Messages



----------------
; Legal Notice ;
----------------
Copyright (C) 1991-2013 Altera Corporation
Your use of Altera Corporation's design tools, logic functions 
and other software and tools, and its AMPP partner logic 
functions, and any output files from any of the foregoing 
(including device programming or simulation files), and any 
associated documentation or information are expressly subject 
to the terms and conditions of the Altera Program License 
Subscription Agreement, Altera MegaCore Function License 
Agreement, or other applicable license agreement, including, 
without limitation, that your use is for the sole purpose of 
programming logic devices manufactured by Altera and sold by 
Altera or its authorized distributors.  Please refer to the 
applicable agreement for further details.



+--------------------------------------------------------------------------------------+
; Analysis & Synthesis Summary                                                         ;
+------------------------------------+-------------------------------------------------+
; Analysis & Synthesis Status        ; Successful - Mon Mar 28 01:37:50 2016           ;
; Quartus II 64-Bit Version          ; 13.0.1 Build 232 06/12/2013 SP 1 SJ Web Edition ;
; Revision Name                      ; bussystem                                       ;
; Top-level Entity Name              ; bussystem                                       ;
; Family                             ; Cyclone III                                     ;
; Total logic elements               ; 4                                               ;
;     Total combinational functions  ; 4                                               ;
;     Dedicated logic registers      ; 0                                               ;
; Total registers                    ; 0                                               ;
; Total pins                         ; 30                                              ;
; Total virtual pins                 ; 0                                               ;
; Total memory bits                  ; 0                                               ;
; Embedded Multiplier 9-bit elements ; 0                                               ;
; Total PLLs                         ; 0                                               ;
+------------------------------------+-------------------------------------------------+


+----------------------------------------------------------------------------------------------------------------------+
; Analysis & Synthesis Settings                                                                                        ;
+----------------------------------------------------------------------------+--------------------+--------------------+
; Option                                                                     ; Setting            ; Default Value      ;
+----------------------------------------------------------------------------+--------------------+--------------------+
; Device                                                                     ; EP3C16F484C6       ;                    ;
; Top-level entity name                                                      ; bussystem          ; bussystem          ;
; Family name                                                                ; Cyclone III        ; Cyclone IV GX      ;
; Use smart compilation                                                      ; Off                ; Off                ;
; Enable parallel Assembler and TimeQuest Timing Analyzer during compilation ; On                 ; On                 ;
; Enable compact report table                                                ; Off                ; Off                ;
; Restructure Multiplexers                                                   ; Auto               ; Auto               ;
; Create Debugging Nodes for IP Cores                                        ; Off                ; Off                ;
; Preserve fewer node names                                                  ; On                 ; On                 ;
; Disable OpenCore Plus hardware evaluation                                  ; Off                ; Off                ;
; Verilog Version                                                            ; Verilog_2001       ; Verilog_2001       ;
; VHDL Version                                                               ; VHDL_1993          ; VHDL_1993          ;
; State Machine Processing                                                   ; Auto               ; Auto               ;
; Safe State Machine                                                         ; Off                ; Off                ;
; Extract Verilog State Machines                                             ; On                 ; On                 ;
; Extract VHDL State Machines                                                ; On                 ; On                 ;
; Ignore Verilog initial constructs                                          ; Off                ; Off                ;
; Iteration limit for constant Verilog loops                                 ; 5000               ; 5000               ;
; Iteration limit for non-constant Verilog loops                             ; 250                ; 250                ;
; Add Pass-Through Logic to Inferred RAMs                                    ; On                 ; On                 ;
; Infer RAMs from Raw Logic                                                  ; On                 ; On                 ;
; Parallel Synthesis                                                         ; On                 ; On                 ;
; DSP Block Balancing                                                        ; Auto               ; Auto               ;
; NOT Gate Push-Back                                                         ; On                 ; On                 ;
; Power-Up Don't Care                                                        ; On                 ; On                 ;
; Remove Redundant Logic Cells                                               ; Off                ; Off                ;
; Remove Duplicate Registers                                                 ; On                 ; On                 ;
; Ignore CARRY Buffers                                                       ; Off                ; Off                ;
; Ignore CASCADE Buffers                                                     ; Off                ; Off                ;
; Ignore GLOBAL Buffers                                                      ; Off                ; Off                ;
; Ignore ROW GLOBAL Buffers                                                  ; Off                ; Off                ;
; Ignore LCELL Buffers                                                       ; Off                ; Off                ;
; Ignore SOFT Buffers                                                        ; On                 ; On                 ;
; Limit AHDL Integers to 32 Bits                                             ; Off                ; Off                ;
; Optimization Technique                                                     ; Balanced           ; Balanced           ;
; Carry Chain Length                                                         ; 70                 ; 70                 ;
; Auto Carry Chains                                                          ; On                 ; On                 ;
; Auto Open-Drain Pins                                                       ; On                 ; On                 ;
; Perform WYSIWYG Primitive Resynthesis                                      ; Off                ; Off                ;
; Auto ROM Replacement                                                       ; On                 ; On                 ;
; Auto RAM Replacement                                                       ; On                 ; On                 ;
; Auto DSP Block Replacement                                                 ; On                 ; On                 ;
; Auto Shift Register Replacement                                            ; Auto               ; Auto               ;
; Allow Shift Register Merging across Hierarchies                            ; Auto               ; Auto               ;
; Auto Clock Enable Replacement                                              ; On                 ; On                 ;
; Strict RAM Replacement                                                     ; Off                ; Off                ;
; Allow Synchronous Control Signals                                          ; On                 ; On                 ;
; Force Use of Synchronous Clear Signals                                     ; Off                ; Off                ;
; Auto RAM Block Balancing                                                   ; On                 ; On                 ;
; Auto RAM to Logic Cell Conversion                                          ; Off                ; Off                ;
; Auto Resource Sharing                                                      ; Off                ; Off                ;
; Allow Any RAM Size For Recognition                                         ; Off                ; Off                ;
; Allow Any ROM Size For Recognition                                         ; Off                ; Off                ;
; Allow Any Shift Register Size For Recognition                              ; Off                ; Off                ;
; Use LogicLock Constraints during Resource Balancing                        ; On                 ; On                 ;
; Ignore translate_off and synthesis_off directives                          ; Off                ; Off                ;
; Timing-Driven Synthesis                                                    ; On                 ; On                 ;
; Report Parameter Settings                                                  ; On                 ; On                 ;
; Report Source Assignments                                                  ; On                 ; On                 ;
; Report Connectivity Checks                                                 ; On                 ; On                 ;
; Ignore Maximum Fan-Out Assignments                                         ; Off                ; Off                ;
; Synchronization Register Chain Length                                      ; 2                  ; 2                  ;
; PowerPlay Power Optimization                                               ; Normal compilation ; Normal compilation ;
; HDL message level                                                          ; Level2             ; Level2             ;
; Suppress Register Optimization Related Messages                            ; Off                ; Off                ;
; Number of Removed Registers Reported in Synthesis Report                   ; 5000               ; 5000               ;
; Number of Swept Nodes Reported in Synthesis Report                         ; 5000               ; 5000               ;
; Number of Inverted Registers Reported in Synthesis Report                  ; 100                ; 100                ;
; Clock MUX Protection                                                       ; On                 ; On                 ;
; Auto Gated Clock Conversion                                                ; Off                ; Off                ;
; Block Design Naming                                                        ; Auto               ; Auto               ;
; SDC constraint protection                                                  ; Off                ; Off                ;
; Synthesis Effort                                                           ; Auto               ; Auto               ;
; Shift Register Replacement - Allow Asynchronous Clear Signal               ; On                 ; On                 ;
; Pre-Mapping Resynthesis Optimization                                       ; Off                ; Off                ;
; Analysis & Synthesis Message Level                                         ; Medium             ; Medium             ;
; Disable Register Merging Across Hierarchies                                ; Auto               ; Auto               ;
; Resource Aware Inference For Block RAM                                     ; On                 ; On                 ;
; Synthesis Seed                                                             ; 1                  ; 1                  ;
+----------------------------------------------------------------------------+--------------------+--------------------+


Parallel compilation was disabled, but you have multiple processors available. Enable parallel compilation to reduce compilation time.
+-------------------------------------+
; Parallel Compilation                ;
+----------------------------+--------+
; Processors                 ; Number ;
+----------------------------+--------+
; Number detected on machine ; 4      ;
; Maximum allowed            ; 1      ;
+----------------------------+--------+


+-------------------------------------------------------------------------------------------------------------------------------------------------------------------------------+
; Analysis & Synthesis Source Files Read                                                                                                                                        ;
+----------------------------------+-----------------+------------------------------------+---------------------------------------------------------------------------+---------+
; File Name with User-Entered Path ; Used in Netlist ; File Type                          ; File Name with Absolute Path                                              ; Library ;
+----------------------------------+-----------------+------------------------------------+---------------------------------------------------------------------------+---------+
; reg.vhd                          ; yes             ; User Wizard-Generated File         ; C:/Users/Mehmet/Desktop/bus/reg.vhd                                       ;         ;
; muxx.vhd                         ; yes             ; User Wizard-Generated File         ; C:/Users/Mehmet/Desktop/bus/muxx.vhd                                      ;         ;
; dec.vhd                          ; yes             ; User Wizard-Generated File         ; C:/Users/Mehmet/Desktop/bus/dec.vhd                                       ;         ;
; bussystem.bdf                    ; yes             ; User Block Diagram/Schematic File  ; C:/Users/Mehmet/Desktop/bus/bussystem.bdf                                 ;         ;
; muxxx.vhd                        ; yes             ; User Wizard-Generated File         ; C:/Users/Mehmet/Desktop/bus/muxxx.vhd                                     ;         ;
; lpm_mux.tdf                      ; yes             ; Megafunction                       ; c:/altera/13.0sp1/quartus/libraries/megafunctions/lpm_mux.tdf             ;         ;
; aglobal130.inc                   ; yes             ; Megafunction                       ; c:/altera/13.0sp1/quartus/libraries/megafunctions/aglobal130.inc          ;         ;
; muxlut.inc                       ; yes             ; Megafunction                       ; c:/altera/13.0sp1/quartus/libraries/megafunctions/muxlut.inc              ;         ;
; bypassff.inc                     ; yes             ; Megafunction                       ; c:/altera/13.0sp1/quartus/libraries/megafunctions/bypassff.inc            ;         ;
; altshift.inc                     ; yes             ; Megafunction                       ; c:/altera/13.0sp1/quartus/libraries/megafunctions/altshift.inc            ;         ;
; db/mux_c6e.tdf                   ; yes             ; Auto-Generated Megafunction        ; C:/Users/Mehmet/Desktop/bus/db/mux_c6e.tdf                                ;         ;
; db/mux_f6e.tdf                   ; yes             ; Auto-Generated Megafunction        ; C:/Users/Mehmet/Desktop/bus/db/mux_f6e.tdf                                ;         ;
; lpm_counter.tdf                  ; yes             ; Megafunction                       ; c:/altera/13.0sp1/quartus/libraries/megafunctions/lpm_counter.tdf         ;         ;
; lpm_constant.inc                 ; yes             ; Megafunction                       ; c:/altera/13.0sp1/quartus/libraries/megafunctions/lpm_constant.inc        ;         ;
; lpm_decode.inc                   ; yes             ; Megafunction                       ; c:/altera/13.0sp1/quartus/libraries/megafunctions/lpm_decode.inc          ;         ;
; lpm_add_sub.inc                  ; yes             ; Megafunction                       ; c:/altera/13.0sp1/quartus/libraries/megafunctions/lpm_add_sub.inc         ;         ;
; cmpconst.inc                     ; yes             ; Megafunction                       ; c:/altera/13.0sp1/quartus/libraries/megafunctions/cmpconst.inc            ;         ;
; lpm_compare.inc                  ; yes             ; Megafunction                       ; c:/altera/13.0sp1/quartus/libraries/megafunctions/lpm_compare.inc         ;         ;
; lpm_counter.inc                  ; yes             ; Megafunction                       ; c:/altera/13.0sp1/quartus/libraries/megafunctions/lpm_counter.inc         ;         ;
; dffeea.inc                       ; yes             ; Megafunction                       ; c:/altera/13.0sp1/quartus/libraries/megafunctions/dffeea.inc              ;         ;
; alt_counter_stratix.inc          ; yes             ; Megafunction                       ; c:/altera/13.0sp1/quartus/libraries/megafunctions/alt_counter_stratix.inc ;         ;
; db/cntr_h0k.tdf                  ; yes             ; Auto-Generated Megafunction        ; C:/Users/Mehmet/Desktop/bus/db/cntr_h0k.tdf                               ;         ;
; 74139.bdf                        ; yes             ; Megafunction                       ; c:/altera/13.0sp1/quartus/libraries/others/maxplus2/74139.bdf             ;         ;
; lpm_decode.tdf                   ; yes             ; Megafunction                       ; c:/altera/13.0sp1/quartus/libraries/megafunctions/lpm_decode.tdf          ;         ;
; declut.inc                       ; yes             ; Megafunction                       ; c:/altera/13.0sp1/quartus/libraries/megafunctions/declut.inc              ;         ;
; db/decode_0af.tdf                ; yes             ; Auto-Generated Megafunction        ; C:/Users/Mehmet/Desktop/bus/db/decode_0af.tdf                             ;         ;
+----------------------------------+-----------------+------------------------------------+---------------------------------------------------------------------------+---------+


+-----------------------------------------------------------------+
; Analysis & Synthesis Resource Usage Summary                     ;
+---------------------------------------------+-------------------+
; Resource                                    ; Usage             ;
+---------------------------------------------+-------------------+
; Estimated Total logic elements              ; 4                 ;
;                                             ;                   ;
; Total combinational functions               ; 4                 ;
; Logic element usage by number of LUT inputs ;                   ;
;     -- 4 input functions                    ; 0                 ;
;     -- 3 input functions                    ; 0                 ;
;     -- <=2 input functions                  ; 4                 ;
;                                             ;                   ;
; Logic elements by mode                      ;                   ;
;     -- normal mode                          ; 4                 ;
;     -- arithmetic mode                      ; 0                 ;
;                                             ;                   ;
; Total registers                             ; 0                 ;
;     -- Dedicated logic registers            ; 0                 ;
;     -- I/O registers                        ; 0                 ;
;                                             ;                   ;
; I/O pins                                    ; 30                ;
; Embedded Multiplier 9-bit elements          ; 0                 ;
; Maximum fan-out node                        ; selectinput~input ;
; Maximum fan-out                             ; 4                 ;
; Total fan-out                               ; 42                ;
; Average fan-out                             ; 0.66              ;
+---------------------------------------------+-------------------+


+----------------------------------------------------------------------------------------------------------------------------------------------------------------------------------------------------------------------------------------+
; Analysis & Synthesis Resource Utilization by Entity                                                                                                                                                                                    ;
+-----------------------------------+-------------------+--------------+-------------+--------------+---------+-----------+------+--------------+-------------------------------------------------------------------------+--------------+
; Compilation Hierarchy Node        ; LC Combinationals ; LC Registers ; Memory Bits ; DSP Elements ; DSP 9x9 ; DSP 18x18 ; Pins ; Virtual Pins ; Full Hierarchy Name                                                     ; Library Name ;
+-----------------------------------+-------------------+--------------+-------------+--------------+---------+-----------+------+--------------+-------------------------------------------------------------------------+--------------+
; |bussystem                        ; 4 (0)             ; 0 (0)        ; 0           ; 0            ; 0       ; 0         ; 30   ; 0            ; |bussystem                                                              ; work         ;
;    |muxxx:inst1|                  ; 4 (0)             ; 0 (0)        ; 0           ; 0            ; 0       ; 0         ; 0    ; 0            ; |bussystem|muxxx:inst1                                                  ; work         ;
;       |lpm_mux:LPM_MUX_component| ; 4 (0)             ; 0 (0)        ; 0           ; 0            ; 0       ; 0         ; 0    ; 0            ; |bussystem|muxxx:inst1|lpm_mux:LPM_MUX_component                        ; work         ;
;          |mux_c6e:auto_generated| ; 4 (4)             ; 0 (0)        ; 0           ; 0            ; 0       ; 0         ; 0    ; 0            ; |bussystem|muxxx:inst1|lpm_mux:LPM_MUX_component|mux_c6e:auto_generated ; work         ;
+-----------------------------------+-------------------+--------------+-------------+--------------+---------+-----------+------+--------------+-------------------------------------------------------------------------+--------------+
Note: For table entries with two numbers listed, the numbers in parentheses indicate the number of resources of the given type used by the specific entity alone. The numbers listed outside of parentheses indicate the total resources of the given type used by the specific entity and all of its sub-entities in the hierarchy.


+--------------------------------------------------------------------------------------------------------------------------------+
; Analysis & Synthesis IP Cores Summary                                                                                          ;
+--------+--------------+---------+--------------+--------------+------------------------+---------------------------------------+
; Vendor ; IP Core Name ; Version ; Release Date ; License Type ; Entity Instance        ; IP Include File                       ;
+--------+--------------+---------+--------------+--------------+------------------------+---------------------------------------+
; Altera ; LPM_COUNTER  ; 13.0    ; N/A          ; N/A          ; |bussystem|reg:A       ; C:/Users/Mehmet/Desktop/bus/reg.vhd   ;
; Altera ; LPM_COUNTER  ; 13.0    ; N/A          ; N/A          ; |bussystem|reg:B       ; C:/Users/Mehmet/Desktop/bus/reg.vhd   ;
; Altera ; LPM_COUNTER  ; 13.0    ; N/A          ; N/A          ; |bussystem|reg:C       ; C:/Users/Mehmet/Desktop/bus/reg.vhd   ;
; Altera ; LPM_COUNTER  ; 13.0    ; N/A          ; N/A          ; |bussystem|reg:D       ; C:/Users/Mehmet/Desktop/bus/reg.vhd   ;
; Altera ; LPM_MUX      ; 13.0    ; N/A          ; N/A          ; |bussystem|muxx:inst   ; C:/Users/Mehmet/Desktop/bus/muxx.vhd  ;
; Altera ; LPM_MUX      ; 13.0    ; N/A          ; N/A          ; |bussystem|muxxx:inst1 ; C:/Users/Mehmet/Desktop/bus/muxxx.vhd ;
; Altera ; LPM_DECODE   ; 13.0    ; N/A          ; N/A          ; |bussystem|dec:inst4   ; C:/Users/Mehmet/Desktop/bus/dec.vhd   ;
+--------+--------------+---------+--------------+--------------+------------------------+---------------------------------------+


+-------------------------------------------------------------------------------------------------------------------------------------+
; Registers Removed During Synthesis                                                                                                  ;
+---------------------------------------------------------------------------------------+---------------------------------------------+
; Register name                                                                         ; Reason for Removal                          ;
+---------------------------------------------------------------------------------------+---------------------------------------------+
; reg:D|lpm_counter:LPM_COUNTER_component|cntr_h0k:auto_generated|counter_reg_bit[0..3] ; Stuck at GND due to stuck port clock_enable ;
; reg:C|lpm_counter:LPM_COUNTER_component|cntr_h0k:auto_generated|counter_reg_bit[0..3] ; Stuck at GND due to stuck port clock_enable ;
; reg:B|lpm_counter:LPM_COUNTER_component|cntr_h0k:auto_generated|counter_reg_bit[0..3] ; Stuck at GND due to stuck port clock_enable ;
; reg:A|lpm_counter:LPM_COUNTER_component|cntr_h0k:auto_generated|counter_reg_bit[0..3] ; Stuck at GND due to stuck port clock_enable ;
; Total Number of Removed Registers = 16                                                ;                                             ;
+---------------------------------------------------------------------------------------+---------------------------------------------+


+------------------------------------------------------+
; General Register Statistics                          ;
+----------------------------------------------+-------+
; Statistic                                    ; Value ;
+----------------------------------------------+-------+
; Total registers                              ; 0     ;
; Number of registers using Synchronous Clear  ; 0     ;
; Number of registers using Synchronous Load   ; 0     ;
; Number of registers using Asynchronous Clear ; 0     ;
; Number of registers using Asynchronous Load  ; 0     ;
; Number of registers using Clock Enable       ; 0     ;
; Number of registers using Preset             ; 0     ;
+----------------------------------------------+-------+


+------------------------------------------------------------------------------------+
; Parameter Settings for User Entity Instance: muxxx:inst1|LPM_MUX:LPM_MUX_component ;
+------------------------+-------------+---------------------------------------------+
; Parameter Name         ; Value       ; Type                                        ;
+------------------------+-------------+---------------------------------------------+
; AUTO_CARRY_CHAINS      ; ON          ; AUTO_CARRY                                  ;
; IGNORE_CARRY_BUFFERS   ; OFF         ; IGNORE_CARRY                                ;
; AUTO_CASCADE_CHAINS    ; ON          ; AUTO_CASCADE                                ;
; IGNORE_CASCADE_BUFFERS ; OFF         ; IGNORE_CASCADE                              ;
; LPM_WIDTH              ; 4           ; Signed Integer                              ;
; LPM_SIZE               ; 2           ; Signed Integer                              ;
; LPM_WIDTHS             ; 1           ; Signed Integer                              ;
; LPM_PIPELINE           ; 0           ; Signed Integer                              ;
; CBXI_PARAMETER         ; mux_c6e     ; Untyped                                     ;
; DEVICE_FAMILY          ; Cyclone III ; Untyped                                     ;
+------------------------+-------------+---------------------------------------------+
Note: In order to hide this table in the UI and the text report file, please set the "Show Parameter Settings in Synthesis Report" option in "Analysis and Synthesis Settings -> More Settings" to "Off".


+----------------------------------------------------------------------------------+
; Parameter Settings for User Entity Instance: muxx:inst|LPM_MUX:LPM_MUX_component ;
+------------------------+-------------+-------------------------------------------+
; Parameter Name         ; Value       ; Type                                      ;
+------------------------+-------------+-------------------------------------------+
; AUTO_CARRY_CHAINS      ; ON          ; AUTO_CARRY                                ;
; IGNORE_CARRY_BUFFERS   ; OFF         ; IGNORE_CARRY                              ;
; AUTO_CASCADE_CHAINS    ; ON          ; AUTO_CASCADE                              ;
; IGNORE_CASCADE_BUFFERS ; OFF         ; IGNORE_CASCADE                            ;
; LPM_WIDTH              ; 4           ; Signed Integer                            ;
; LPM_SIZE               ; 4           ; Signed Integer                            ;
; LPM_WIDTHS             ; 2           ; Signed Integer                            ;
; LPM_PIPELINE           ; 0           ; Signed Integer                            ;
; CBXI_PARAMETER         ; mux_f6e     ; Untyped                                   ;
; DEVICE_FAMILY          ; Cyclone III ; Untyped                                   ;
+------------------------+-------------+-------------------------------------------+
Note: In order to hide this table in the UI and the text report file, please set the "Show Parameter Settings in Synthesis Report" option in "Analysis and Synthesis Settings -> More Settings" to "Off".


+--------------------------------------------------------------------------------------+
; Parameter Settings for User Entity Instance: reg:A|lpm_counter:LPM_COUNTER_component ;
+------------------------+-------------+-----------------------------------------------+
; Parameter Name         ; Value       ; Type                                          ;
+------------------------+-------------+-----------------------------------------------+
; AUTO_CARRY_CHAINS      ; ON          ; AUTO_CARRY                                    ;
; IGNORE_CARRY_BUFFERS   ; OFF         ; IGNORE_CARRY                                  ;
; AUTO_CASCADE_CHAINS    ; ON          ; AUTO_CASCADE                                  ;
; IGNORE_CASCADE_BUFFERS ; OFF         ; IGNORE_CASCADE                                ;
; LPM_WIDTH              ; 4           ; Signed Integer                                ;
; LPM_DIRECTION          ; UP          ; Untyped                                       ;
; LPM_MODULUS            ; 0           ; Untyped                                       ;
; LPM_AVALUE             ; UNUSED      ; Untyped                                       ;
; LPM_SVALUE             ; UNUSED      ; Untyped                                       ;
; LPM_PORT_UPDOWN        ; PORT_UNUSED ; Untyped                                       ;
; DEVICE_FAMILY          ; Cyclone III ; Untyped                                       ;
; CARRY_CHAIN            ; MANUAL      ; Untyped                                       ;
; CARRY_CHAIN_LENGTH     ; 48          ; CARRY_CHAIN_LENGTH                            ;
; NOT_GATE_PUSH_BACK     ; ON          ; NOT_GATE_PUSH_BACK                            ;
; CARRY_CNT_EN           ; SMART       ; Untyped                                       ;
; LABWIDE_SCLR           ; ON          ; Untyped                                       ;
; USE_NEW_VERSION        ; TRUE        ; Untyped                                       ;
; CBXI_PARAMETER         ; cntr_h0k    ; Untyped                                       ;
+------------------------+-------------+-----------------------------------------------+
Note: In order to hide this table in the UI and the text report file, please set the "Show Parameter Settings in Synthesis Report" option in "Analysis and Synthesis Settings -> More Settings" to "Off".


+--------------------------------------------------------------------------------------+
; Parameter Settings for User Entity Instance: reg:B|lpm_counter:LPM_COUNTER_component ;
+------------------------+-------------+-----------------------------------------------+
; Parameter Name         ; Value       ; Type                                          ;
+------------------------+-------------+-----------------------------------------------+
; AUTO_CARRY_CHAINS      ; ON          ; AUTO_CARRY                                    ;
; IGNORE_CARRY_BUFFERS   ; OFF         ; IGNORE_CARRY                                  ;
; AUTO_CASCADE_CHAINS    ; ON          ; AUTO_CASCADE                                  ;
; IGNORE_CASCADE_BUFFERS ; OFF         ; IGNORE_CASCADE                                ;
; LPM_WIDTH              ; 4           ; Signed Integer                                ;
; LPM_DIRECTION          ; UP          ; Untyped                                       ;
; LPM_MODULUS            ; 0           ; Untyped                                       ;
; LPM_AVALUE             ; UNUSED      ; Untyped                                       ;
; LPM_SVALUE             ; UNUSED      ; Untyped                                       ;
; LPM_PORT_UPDOWN        ; PORT_UNUSED ; Untyped                                       ;
; DEVICE_FAMILY          ; Cyclone III ; Untyped                                       ;
; CARRY_CHAIN            ; MANUAL      ; Untyped                                       ;
; CARRY_CHAIN_LENGTH     ; 48          ; CARRY_CHAIN_LENGTH                            ;
; NOT_GATE_PUSH_BACK     ; ON          ; NOT_GATE_PUSH_BACK                            ;
; CARRY_CNT_EN           ; SMART       ; Untyped                                       ;
; LABWIDE_SCLR           ; ON          ; Untyped                                       ;
; USE_NEW_VERSION        ; TRUE        ; Untyped                                       ;
; CBXI_PARAMETER         ; cntr_h0k    ; Untyped                                       ;
+------------------------+-------------+-----------------------------------------------+
Note: In order to hide this table in the UI and the text report file, please set the "Show Parameter Settings in Synthesis Report" option in "Analysis and Synthesis Settings -> More Settings" to "Off".


+--------------------------------------------------------------------------------------+
; Parameter Settings for User Entity Instance: reg:C|lpm_counter:LPM_COUNTER_component ;
+------------------------+-------------+-----------------------------------------------+
; Parameter Name         ; Value       ; Type                                          ;
+------------------------+-------------+-----------------------------------------------+
; AUTO_CARRY_CHAINS      ; ON          ; AUTO_CARRY                                    ;
; IGNORE_CARRY_BUFFERS   ; OFF         ; IGNORE_CARRY                                  ;
; AUTO_CASCADE_CHAINS    ; ON          ; AUTO_CASCADE                                  ;
; IGNORE_CASCADE_BUFFERS ; OFF         ; IGNORE_CASCADE                                ;
; LPM_WIDTH              ; 4           ; Signed Integer                                ;
; LPM_DIRECTION          ; UP          ; Untyped                                       ;
; LPM_MODULUS            ; 0           ; Untyped                                       ;
; LPM_AVALUE             ; UNUSED      ; Untyped                                       ;
; LPM_SVALUE             ; UNUSED      ; Untyped                                       ;
; LPM_PORT_UPDOWN        ; PORT_UNUSED ; Untyped                                       ;
; DEVICE_FAMILY          ; Cyclone III ; Untyped                                       ;
; CARRY_CHAIN            ; MANUAL      ; Untyped                                       ;
; CARRY_CHAIN_LENGTH     ; 48          ; CARRY_CHAIN_LENGTH                            ;
; NOT_GATE_PUSH_BACK     ; ON          ; NOT_GATE_PUSH_BACK                            ;
; CARRY_CNT_EN           ; SMART       ; Untyped                                       ;
; LABWIDE_SCLR           ; ON          ; Untyped                                       ;
; USE_NEW_VERSION        ; TRUE        ; Untyped                                       ;
; CBXI_PARAMETER         ; cntr_h0k    ; Untyped                                       ;
+------------------------+-------------+-----------------------------------------------+
Note: In order to hide this table in the UI and the text report file, please set the "Show Parameter Settings in Synthesis Report" option in "Analysis and Synthesis Settings -> More Settings" to "Off".


+--------------------------------------------------------------------------------------+
; Parameter Settings for User Entity Instance: reg:D|lpm_counter:LPM_COUNTER_component ;
+------------------------+-------------+-----------------------------------------------+
; Parameter Name         ; Value       ; Type                                          ;
+------------------------+-------------+-----------------------------------------------+
; AUTO_CARRY_CHAINS      ; ON          ; AUTO_CARRY                                    ;
; IGNORE_CARRY_BUFFERS   ; OFF         ; IGNORE_CARRY                                  ;
; AUTO_CASCADE_CHAINS    ; ON          ; AUTO_CASCADE                                  ;
; IGNORE_CASCADE_BUFFERS ; OFF         ; IGNORE_CASCADE                                ;
; LPM_WIDTH              ; 4           ; Signed Integer                                ;
; LPM_DIRECTION          ; UP          ; Untyped                                       ;
; LPM_MODULUS            ; 0           ; Untyped                                       ;
; LPM_AVALUE             ; UNUSED      ; Untyped                                       ;
; LPM_SVALUE             ; UNUSED      ; Untyped                                       ;
; LPM_PORT_UPDOWN        ; PORT_UNUSED ; Untyped                                       ;
; DEVICE_FAMILY          ; Cyclone III ; Untyped                                       ;
; CARRY_CHAIN            ; MANUAL      ; Untyped                                       ;
; CARRY_CHAIN_LENGTH     ; 48          ; CARRY_CHAIN_LENGTH                            ;
; NOT_GATE_PUSH_BACK     ; ON          ; NOT_GATE_PUSH_BACK                            ;
; CARRY_CNT_EN           ; SMART       ; Untyped                                       ;
; LABWIDE_SCLR           ; ON          ; Untyped                                       ;
; USE_NEW_VERSION        ; TRUE        ; Untyped                                       ;
; CBXI_PARAMETER         ; cntr_h0k    ; Untyped                                       ;
+------------------------+-------------+-----------------------------------------------+
Note: In order to hide this table in the UI and the text report file, please set the "Show Parameter Settings in Synthesis Report" option in "Analysis and Synthesis Settings -> More Settings" to "Off".


+----------------------------------------------------------------------------------------+
; Parameter Settings for User Entity Instance: dec:inst4|lpm_decode:LPM_DECODE_component ;
+------------------------+-------------+-------------------------------------------------+
; Parameter Name         ; Value       ; Type                                            ;
+------------------------+-------------+-------------------------------------------------+
; LPM_WIDTH              ; 2           ; Signed Integer                                  ;
; LPM_DECODES            ; 4           ; Signed Integer                                  ;
; LPM_PIPELINE           ; 0           ; Untyped                                         ;
; CASCADE_CHAIN          ; MANUAL      ; Untyped                                         ;
; DEVICE_FAMILY          ; Cyclone III ; Untyped                                         ;
; CBXI_PARAMETER         ; decode_0af  ; Untyped                                         ;
; AUTO_CARRY_CHAINS      ; ON          ; AUTO_CARRY                                      ;
; IGNORE_CARRY_BUFFERS   ; OFF         ; IGNORE_CARRY                                    ;
; AUTO_CASCADE_CHAINS    ; ON          ; AUTO_CASCADE                                    ;
; IGNORE_CASCADE_BUFFERS ; OFF         ; IGNORE_CASCADE                                  ;
+------------------------+-------------+-------------------------------------------------+
Note: In order to hide this table in the UI and the text report file, please set the "Show Parameter Settings in Synthesis Report" option in "Analysis and Synthesis Settings -> More Settings" to "Off".


+-------------------------------+
; Elapsed Time Per Partition    ;
+----------------+--------------+
; Partition Name ; Elapsed Time ;
+----------------+--------------+
; Top            ; 00:00:00     ;
+----------------+--------------+


+-------------------------------+
; Analysis & Synthesis Messages ;
+-------------------------------+
Info: *******************************************************************
Info: Running Quartus II 64-Bit Analysis & Synthesis
    Info: Version 13.0.1 Build 232 06/12/2013 Service Pack 1 SJ Web Edition
    Info: Processing started: Mon Mar 28 01:37:47 2016
Info: Command: quartus_map --read_settings_files=on --write_settings_files=off bussystem -c bussystem
Warning (20028): Parallel compilation is not licensed and has been disabled
Info (12021): Found 2 design units, including 1 entities, in source file reg.vhd
    Info (12022): Found design unit 1: reg-SYN
    Info (12023): Found entity 1: reg
Info (12021): Found 2 design units, including 1 entities, in source file muxx.vhd
    Info (12022): Found design unit 1: muxx-SYN
    Info (12023): Found entity 1: muxx
Info (12021): Found 2 design units, including 1 entities, in source file dec.vhd
    Info (12022): Found design unit 1: dec-SYN
    Info (12023): Found entity 1: dec
Info (12021): Found 1 design units, including 1 entities, in source file bussystem.bdf
    Info (12023): Found entity 1: bussystem
Info (12021): Found 2 design units, including 1 entities, in source file muxxx.vhd
    Info (12022): Found design unit 1: muxxx-SYN
    Info (12023): Found entity 1: muxxx
Info (12127): Elaborating entity "bussystem" for the top level hierarchy
Info (12128): Elaborating entity "muxxx" for hierarchy "muxxx:inst1"
Info (12128): Elaborating entity "LPM_MUX" for hierarchy "muxxx:inst1|LPM_MUX:LPM_MUX_component"
Info (12130): Elaborated megafunction instantiation "muxxx:inst1|LPM_MUX:LPM_MUX_component"
Info (12133): Instantiated megafunction "muxxx:inst1|LPM_MUX:LPM_MUX_component" with the following parameter:
    Info (12134): Parameter "LPM_WIDTH" = "4"
    Info (12134): Parameter "LPM_SIZE" = "2"
    Info (12134): Parameter "LPM_WIDTHS" = "1"
    Info (12134): Parameter "LPM_PIPELINE" = "0"
    Info (12134): Parameter "LPM_TYPE" = "LPM_MUX"
    Info (12134): Parameter "LPM_HINT" = "UNUSED"
Info (12021): Found 1 design units, including 1 entities, in source file db/mux_c6e.tdf
    Info (12023): Found entity 1: mux_c6e
Info (12128): Elaborating entity "mux_c6e" for hierarchy "muxxx:inst1|LPM_MUX:LPM_MUX_component|mux_c6e:auto_generated"
Info (12128): Elaborating entity "muxx" for hierarchy "muxx:inst"
Info (12128): Elaborating entity "LPM_MUX" for hierarchy "muxx:inst|LPM_MUX:LPM_MUX_component"
Info (12130): Elaborated megafunction instantiation "muxx:inst|LPM_MUX:LPM_MUX_component"
Info (12133): Instantiated megafunction "muxx:inst|LPM_MUX:LPM_MUX_component" with the following parameter:
    Info (12134): Parameter "LPM_WIDTH" = "4"
    Info (12134): Parameter "LPM_SIZE" = "4"
    Info (12134): Parameter "LPM_WIDTHS" = "2"
    Info (12134): Parameter "LPM_PIPELINE" = "0"
    Info (12134): Parameter "LPM_TYPE" = "LPM_MUX"
    Info (12134): Parameter "LPM_HINT" = "UNUSED"
Info (12021): Found 1 design units, including 1 entities, in source file db/mux_f6e.tdf
    Info (12023): Found entity 1: mux_f6e
Info (12128): Elaborating entity "mux_f6e" for hierarchy "muxx:inst|LPM_MUX:LPM_MUX_component|mux_f6e:auto_generated"
Info (12128): Elaborating entity "reg" for hierarchy "reg:A"
Info (12128): Elaborating entity "lpm_counter" for hierarchy "reg:A|lpm_counter:LPM_COUNTER_component"
Info (12130): Elaborated megafunction instantiation "reg:A|lpm_counter:LPM_COUNTER_component"
Info (12133): Instantiated megafunction "reg:A|lpm_counter:LPM_COUNTER_component" with the following parameter:
    Info (12134): Parameter "lpm_direction" = "UP"
    Info (12134): Parameter "lpm_port_updown" = "PORT_UNUSED"
    Info (12134): Parameter "lpm_type" = "LPM_COUNTER"
    Info (12134): Parameter "lpm_width" = "4"
Info (12021): Found 1 design units, including 1 entities, in source file db/cntr_h0k.tdf
    Info (12023): Found entity 1: cntr_h0k
Info (12128): Elaborating entity "cntr_h0k" for hierarchy "reg:A|lpm_counter:LPM_COUNTER_component|cntr_h0k:auto_generated"
Info (12128): Elaborating entity "74139" for hierarchy "74139:inst3"
Info (12130): Elaborated megafunction instantiation "74139:inst3"
Info (12128): Elaborating entity "dec" for hierarchy "dec:inst4"
Info (12128): Elaborating entity "lpm_decode" for hierarchy "dec:inst4|lpm_decode:LPM_DECODE_component"
Info (12130): Elaborated megafunction instantiation "dec:inst4|lpm_decode:LPM_DECODE_component"
Info (12133): Instantiated megafunction "dec:inst4|lpm_decode:LPM_DECODE_component" with the following parameter:
    Info (12134): Parameter "lpm_decodes" = "4"
    Info (12134): Parameter "lpm_type" = "LPM_DECODE"
    Info (12134): Parameter "lpm_width" = "2"
Info (12021): Found 1 design units, including 1 entities, in source file db/decode_0af.tdf
    Info (12023): Found entity 1: decode_0af
Info (12128): Elaborating entity "decode_0af" for hierarchy "dec:inst4|lpm_decode:LPM_DECODE_component|decode_0af:auto_generated"
Warning (13024): Output pins are stuck at VCC or GND
    Warning (13410): Pin "pin_name1[3]" is stuck at GND
    Warning (13410): Pin "pin_name1[2]" is stuck at GND
    Warning (13410): Pin "pin_name1[1]" is stuck at GND
    Warning (13410): Pin "pin_name1[0]" is stuck at GND
    Warning (13410): Pin "pin_name2[3]" is stuck at GND
    Warning (13410): Pin "pin_name2[2]" is stuck at GND
    Warning (13410): Pin "pin_name2[1]" is stuck at GND
    Warning (13410): Pin "pin_name2[0]" is stuck at GND
    Warning (13410): Pin "pin_name3[3]" is stuck at GND
    Warning (13410): Pin "pin_name3[2]" is stuck at GND
    Warning (13410): Pin "pin_name3[1]" is stuck at GND
    Warning (13410): Pin "pin_name3[0]" is stuck at GND
    Warning (13410): Pin "pin_name4[3]" is stuck at GND
    Warning (13410): Pin "pin_name4[2]" is stuck at GND
    Warning (13410): Pin "pin_name4[1]" is stuck at GND
    Warning (13410): Pin "pin_name4[0]" is stuck at GND
Info (286030): Timing-Driven Synthesis is running
Info (16010): Generating hard_block partition "hard_block:auto_generated_inst"
    Info (16011): Adding 0 node(s), including 0 DDIO, 0 PLL, 0 transceiver and 0 LCELL
Warning (21074): Design contains 5 input pin(s) that do not drive logic
    Warning (15610): No output dependent on input pin "loadenable[1]"
    Warning (15610): No output dependent on input pin "loadenable[0]"
    Warning (15610): No output dependent on input pin "clock"
    Warning (15610): No output dependent on input pin "selection[0]"
    Warning (15610): No output dependent on input pin "selection[1]"
Info (21057): Implemented 34 device resources after synthesis - the final resource count might be different
    Info (21058): Implemented 10 input pins
    Info (21059): Implemented 20 output pins
    Info (21061): Implemented 4 logic cells
Info: Quartus II 64-Bit Analysis & Synthesis was successful. 0 errors, 24 warnings
    Info: Peak virtual memory: 534 megabytes
    Info: Processing ended: Mon Mar 28 01:37:50 2016
    Info: Elapsed time: 00:00:03
    Info: Total CPU time (on all processors): 00:00:02


